2025-03-08 01:13:01,684 - INFO - Logging do bot iniciado.
2025-03-08 01:13:02,487 - INFO - HTTP Request: POST https://api.telegram.org/bot7843899651:AAGMnEzJ9cAhzzgizgMsiKdjMD8i8Ae6VF0/getMe "HTTP/1.1 200 OK"
2025-03-08 01:13:02,706 - INFO - HTTP Request: POST https://api.telegram.org/bot7843899651:AAGMnEzJ9cAhzzgizgMsiKdjMD8i8Ae6VF0/deleteWebhook "HTTP/1.1 200 OK"
2025-03-08 01:13:13,351 - INFO - HTTP Request: POST https://api.telegram.org/bot7843899651:AAGMnEzJ9cAhzzgizgMsiKdjMD8i8Ae6VF0/getUpdates "HTTP/1.1 200 OK"
2025-03-08 01:13:23,587 - INFO - HTTP Request: POST https://api.telegram.org/bot7843899651:AAGMnEzJ9cAhzzgizgMsiKdjMD8i8Ae6VF0/getUpdates "HTTP/1.1 200 OK"
2025-03-08 01:13:33,807 - INFO - HTTP Request: POST https://api.telegram.org/bot7843899651:AAGMnEzJ9cAhzzgizgMsiKdjMD8i8Ae6VF0/getUpdates "HTTP/1.1 200 OK"
2025-03-08 01:13:35,759 - INFO - HTTP Request: POST https://api.telegram.org/bot7843899651:AAGMnEzJ9cAhzzgizgMsiKdjMD8i8Ae6VF0/getUpdates "HTTP/1.1 200 OK"
2025-03-08 01:13:36,564 - INFO - HTTP Request: POST https://api.telegram.org/bot7843899651:AAGMnEzJ9cAhzzgizgMsiKdjMD8i8Ae6VF0/getChatAdministrators "HTTP/1.1 200 OK"
2025-03-08 01:13:36,924 - INFO - HTTP Request: POST https://api.telegram.org/bot7843899651:AAGMnEzJ9cAhzzgizgMsiKdjMD8i8Ae6VF0/promoteChatMember "HTTP/1.1 200 OK"
2025-03-08 01:13:37,295 - INFO - HTTP Request: POST https://api.telegram.org/bot7843899651:AAGMnEzJ9cAhzzgizgMsiKdjMD8i8Ae6VF0/setChatAdministratorCustomTitle "HTTP/1.1 200 OK"
2025-03-08 01:13:37,653 - INFO - HTTP Request: POST https://api.telegram.org/bot7843899651:AAGMnEzJ9cAhzzgizgMsiKdjMD8i8Ae6VF0/sendMessage "HTTP/1.1 200 OK"
2025-03-08 01:13:37,655 - INFO - Apelido lav!n atribuido ao usu涌rio @trvcontrol_bot > Respons涌쪘el: User(first_name='torvi', id=1761647464, is_bot=False, language_code='pt-br', username='torvi_hb') | Chat: testedic1 (-1002249630541)
2025-03-08 01:15:59,324 - INFO - Apelido lav!n atribuido ao usu涌rio @trvcontrol_bot > Respons涌쪘el: User(first_name='torvi', id=1761647464, is_bot=False, language_code='pt-br', username='torvi_hb') | Chat: testedic1 (-1002249630541)
2025-03-08 01:24:58,886 - INFO - Logging do bot iniciado.
2025-03-08 01:25:24,429 - INFO - Apelido lav!n atribuido ao usu痙io @trvcontrol_bot > Respons競el: User(first_name='torvi', id=1761647464, is_bot=False, language_code='pt-br', username='torvi_hb') | Chat: testedic1 (-1002249630541)
2025-03-08 01:26:20,466 - INFO - Logging do bot iniciado.
2025-03-08 01:26:41,142 - INFO - Logging do bot iniciado.
2025-03-08 01:26:46,460 - INFO - Apelido lav!n atribuido ao usu치rio @trvcontrol_bot > Respons치vel: torvi_hb | Chat: testedic1 (-1002249630541)
2025-03-08 01:28:08,858 - INFO - Logging do bot iniciado.
2025-03-08 01:28:12,219 - INFO - Apelido lav!n atribuido ao usu치rio @@trvcontrol_bot > Respons치vel: @torvi_hb | Chat: testedic1 (-1002249630541)
2025-03-08 01:37:47,202 - INFO - Usu치rio ism4rck utilizou, sem permiss칚o, o comando /apelidar | Chat: testedic1 (-1002249630541)
2025-03-08 01:54:07,696 - INFO - Logging do bot iniciado.
2025-03-08 01:54:26,936 - INFO - Logging do bot iniciado.
2025-03-08 01:55:25,743 - INFO - Logging do bot iniciado.
2025-03-08 01:55:30,833 - INFO - Logging do bot iniciado.
2025-03-08 01:55:55,236 - ERROR - No error handlers are registered, logging exception.
Traceback (most recent call last):
  File "c:\Users\rafae\OneDrive\Desktop\dev\amaer\venv\lib\site-packages\telegram\ext\_application.py", line 1343, in process_update
    await coroutine
  File "c:\Users\rafae\OneDrive\Desktop\dev\amaer\venv\lib\site-packages\telegram\ext\_handlers\basehandler.py", line 158, in handle_update
    return await self.callback(update, context)
TypeError: handle_new_user() takes 1 positional argument but 2 were given
2025-03-08 01:57:17,315 - INFO - Logging do bot iniciado.
2025-03-08 02:34:05,013 - INFO - Logging do bot iniciado.
2025-03-08 02:34:19,054 - ERROR - No error handlers are registered, logging exception.
Traceback (most recent call last):
  File "c:\Users\rafae\OneDrive\Desktop\dev\amaer\venv\lib\site-packages\telegram\ext\_application.py", line 1343, in process_update
    await coroutine
  File "c:\Users\rafae\OneDrive\Desktop\dev\amaer\venv\lib\site-packages\telegram\ext\_handlers\basehandler.py", line 158, in handle_update
    return await self.callback(update, context)
  File "C:\Users\rafae\OneDrive\Desktop\dev\amaer\bot\handlers.py", line 105, in teste
    await bot.promote_chat_member(
  File "c:\Users\rafae\OneDrive\Desktop\dev\amaer\venv\lib\site-packages\telegram\ext\_extbot.py", line 2338, in promote_chat_member
    return await super().promote_chat_member(
  File "c:\Users\rafae\OneDrive\Desktop\dev\amaer\venv\lib\site-packages\telegram\_bot.py", line 5763, in promote_chat_member
    return await self._post(
  File "c:\Users\rafae\OneDrive\Desktop\dev\amaer\venv\lib\site-packages\telegram\_bot.py", line 691, in _post
    return await self._do_post(
  File "c:\Users\rafae\OneDrive\Desktop\dev\amaer\venv\lib\site-packages\telegram\ext\_extbot.py", line 362, in _do_post
    return await super()._do_post(
  File "c:\Users\rafae\OneDrive\Desktop\dev\amaer\venv\lib\site-packages\telegram\_bot.py", line 720, in _do_post
    result = await request.post(
  File "c:\Users\rafae\OneDrive\Desktop\dev\amaer\venv\lib\site-packages\telegram\request\_baserequest.py", line 202, in post
    result = await self._request_wrapper(
  File "c:\Users\rafae\OneDrive\Desktop\dev\amaer\venv\lib\site-packages\telegram\request\_baserequest.py", line 383, in _request_wrapper
    raise BadRequest(message)
telegram.error.BadRequest: Invalid user_id specified
2025-03-08 03:05:05,140 - INFO - Logging do bot iniciado.
2025-03-08 03:05:34,311 - INFO - Logging do bot iniciado.
2025-03-08 03:12:38,394 - INFO - Logging do bot iniciado.
2025-03-08 03:14:36,143 - INFO - Logging do bot iniciado.
2025-03-08 03:14:54,358 - INFO - Logging do bot iniciado.
2025-03-08 03:15:03,545 - INFO - Logging do bot iniciado.
2025-03-08 03:15:16,356 - INFO - Logging do bot iniciado.
2025-03-10 23:04:56,798 - INFO - Logging do bot iniciado.
2025-03-10 23:05:42,704 - ERROR - No error handlers are registered, logging exception.
Traceback (most recent call last):
  File "c:\Users\rafae\OneDrive\Desktop\dev\amaer\venv\lib\site-packages\telegram\ext\_application.py", line 1343, in process_update
    await coroutine
  File "c:\Users\rafae\OneDrive\Desktop\dev\amaer\venv\lib\site-packages\telegram\ext\_handlers\basehandler.py", line 158, in handle_update
    return await self.callback(update, context)
  File "C:\Users\rafae\OneDrive\Desktop\dev\amaer\bot\handlers.py", line 125, in cargo
    if not message_is_on_group(CHAT_ID):
  File "C:\Users\rafae\OneDrive\Desktop\dev\amaer\bot\handlers.py", line 176, in message_is_on_group
    return chatId == int(PERMISSIONED_GROUP_ID)
TypeError: int() argument must be a string, a bytes-like object or a real number, not 'NoneType'
2025-03-10 23:06:41,806 - ERROR - No error handlers are registered, logging exception.
Traceback (most recent call last):
  File "c:\Users\rafae\OneDrive\Desktop\dev\amaer\venv\lib\site-packages\telegram\ext\_application.py", line 1343, in process_update
    await coroutine
  File "c:\Users\rafae\OneDrive\Desktop\dev\amaer\venv\lib\site-packages\telegram\ext\_handlers\basehandler.py", line 158, in handle_update
    return await self.callback(update, context)
  File "C:\Users\rafae\OneDrive\Desktop\dev\amaer\bot\handlers.py", line 125, in cargo
    if not message_is_on_group(CHAT_ID):
  File "C:\Users\rafae\OneDrive\Desktop\dev\amaer\bot\handlers.py", line 176, in message_is_on_group
    return chatId == int(PERMISSIONED_GROUP_ID)
TypeError: int() argument must be a string, a bytes-like object or a real number, not 'NoneType'
2025-03-10 23:07:07,138 - ERROR - No error handlers are registered, logging exception.
Traceback (most recent call last):
  File "c:\Users\rafae\OneDrive\Desktop\dev\amaer\venv\lib\site-packages\telegram\ext\_application.py", line 1343, in process_update
    await coroutine
  File "c:\Users\rafae\OneDrive\Desktop\dev\amaer\venv\lib\site-packages\telegram\ext\_handlers\basehandler.py", line 158, in handle_update
    return await self.callback(update, context)
  File "C:\Users\rafae\OneDrive\Desktop\dev\amaer\bot\handlers.py", line 70, in apelidar
    if not message_is_on_group(CHAT_ID):
  File "C:\Users\rafae\OneDrive\Desktop\dev\amaer\bot\handlers.py", line 176, in message_is_on_group
    return chatId == int(PERMISSIONED_GROUP_ID)
TypeError: int() argument must be a string, a bytes-like object or a real number, not 'NoneType'
2025-03-10 23:09:33,178 - INFO - Logging do bot iniciado.
2025-03-10 23:09:37,733 - INFO - Apelido lavin atribuido ao usu치rio @trvcontrol_bot > Respons치vel: @torvi_hb | Chat: testedic1 (-1002249630541)
2025-03-10 23:09:58,416 - INFO - Cargo auxiliar atribu칤do a @trvcontrol_bot > Respons치vel: @torvi_hb | Chat: testedic1 (-1002249630541)
2025-03-10 23:11:05,582 - INFO - Cargo auxiliar atribu칤do a @ysetheus > Respons치vel: @torvi_hb | Chat: testedic1 (-1002249630541)
2025-03-10 23:18:53,554 - ERROR - No error handlers are registered, logging exception.
Traceback (most recent call last):
  File "c:\Users\rafae\OneDrive\Desktop\dev\amaer\venv\lib\site-packages\telegram\ext\_application.py", line 1343, in process_update
    await coroutine
  File "c:\Users\rafae\OneDrive\Desktop\dev\amaer\venv\lib\site-packages\telegram\ext\_handlers\basehandler.py", line 158, in handle_update
    return await self.callback(update, context)
  File "C:\Users\rafae\OneDrive\Desktop\dev\amaer\bot\handlers.py", line 150, in cargo
    can_change_info=role_permissions['can_change_info'],
TypeError: 'NoneType' object is not subscriptable
2025-03-10 23:22:51,934 - INFO - Logging do bot iniciado.
2025-03-10 23:23:03,223 - INFO - @torvi_hb utilizou um nome de cargo inv치lido | Chat: testedic1 (-1002249630541)
2025-03-10 23:23:19,799 - INFO - Logging do bot iniciado.
2025-03-10 23:23:22,012 - INFO - Cargo auxiliar atribu칤do a @trvcontrol_bot > Respons치vel: @torvi_hb | Chat: testedic1 (-1002249630541)
2025-03-10 23:23:26,958 - INFO - Cargo auxiliar atribu칤do a @trvcontrol_bot > Respons치vel: @torvi_hb | Chat: testedic1 (-1002249630541)
2025-03-10 23:23:36,902 - INFO - @torvi_hb utilizou um nome de cargo inv치lido | Chat: testedic1 (-1002249630541)
2025-03-10 23:24:27,915 - INFO - Logging do bot iniciado.
2025-03-10 23:24:38,550 - ERROR - No error handlers are registered, logging exception.
Traceback (most recent call last):
  File "C:\Users\rafae\OneDrive\Desktop\dev\amaer\bot\handlers.py", line 150, in cargo
    can_change_info=role_permissions['can_change_info'],
TypeError: 'NoneType' object is not subscriptable

During handling of the above exception, another exception occurred:

Traceback (most recent call last):
  File "c:\Users\rafae\OneDrive\Desktop\dev\amaer\venv\lib\site-packages\telegram\ext\_application.py", line 1343, in process_update
    await coroutine
  File "c:\Users\rafae\OneDrive\Desktop\dev\amaer\venv\lib\site-packages\telegram\ext\_handlers\basehandler.py", line 158, in handle_update
    return await self.callback(update, context)
  File "C:\Users\rafae\OneDrive\Desktop\dev\amaer\bot\handlers.py", line 167, in cargo
    logging.info(f"@{update.effective_user.username} utilizou um nome de cargo inv치lido ({role_name_input > {role_name}}| Chat: {format_chat_object(update)}")
TypeError: '>' not supported between instances of 'str' and 'set'
2025-03-10 23:25:04,316 - INFO - Logging do bot iniciado.
2025-03-10 23:25:08,023 - INFO - @torvi_hb utilizou um nome de cargo inv치lido (Vic-L칤der > viclider)| Chat: testedic1 (-1002249630541)
2025-03-10 23:37:31,029 - INFO - Logging do bot iniciado.
2025-03-10 23:37:52,858 - INFO - Apelido teste atribuido ao usu치rio @trvcontrol_bot > Respons치vel: @torvi_hb | Chat: testedic1 (-1002249630541)
2025-03-10 23:38:34,183 - INFO - Logging do bot iniciado.
2025-03-10 23:38:39,881 - INFO - Apelido teste atribuido ao usu치rio @trvcontrol_bot > Respons치vel: @torvi_hb | Chat: testedic1 (-1002249630541)
2025-03-10 23:52:03,549 - INFO - Logging do bot iniciado.
2025-03-10 23:52:21,415 - INFO - Cargo auxiliar atribu칤do a @trvcontrol_bot > Respons치vel: @torvi_hb | Chat: testedic1 (-1002249630541)
2025-03-10 23:52:30,677 - INFO - @torvi_hb utilizou um nome de cargo inv치lido (L칤der > lider)| Chat: testedic1 (-1002249630541)
2025-03-10 23:53:25,060 - INFO - @torvi_hb utilizou um nome de cargo inv치lido (Sub-L칤der > sublider)| Chat: testedic1 (-1002249630541)
2025-03-12 16:49:02,822 - INFO - Logging do bot iniciado.
2025-03-12 16:51:01,015 - ERROR - No error handlers are registered, logging exception.
Traceback (most recent call last):
  File "c:\Users\rafae\OneDrive\Desktop\dev\amaer\venv\lib\site-packages\telegram\ext\_application.py", line 1343, in process_update
    await coroutine
  File "c:\Users\rafae\OneDrive\Desktop\dev\amaer\venv\lib\site-packages\telegram\ext\_handlers\basehandler.py", line 158, in handle_update
    return await self.callback(update, context)
  File "C:\Users\rafae\OneDrive\Desktop\dev\amaer\bot\handlers.py", line 275, in oficializar
    is_chat_official = current_chat[2]
TypeError: 'NoneType' object is not subscriptable
2025-03-12 16:51:09,638 - INFO - Usu치rio torvi_hb tentou utilizar o comando /cargo fora de um grupo autorizado | Chat: testedic1 (-1002249630541)
2025-03-12 16:51:50,300 - ERROR - No error handlers are registered, logging exception.
Traceback (most recent call last):
  File "c:\Users\rafae\OneDrive\Desktop\dev\amaer\venv\lib\site-packages\telegram\ext\_application.py", line 1343, in process_update
    await coroutine
  File "c:\Users\rafae\OneDrive\Desktop\dev\amaer\venv\lib\site-packages\telegram\ext\_handlers\basehandler.py", line 158, in handle_update
    return await self.callback(update, context)
  File "C:\Users\rafae\OneDrive\Desktop\dev\amaer\bot\handlers.py", line 275, in oficializar
    is_chat_official = current_chat[2]
TypeError: 'NoneType' object is not subscriptable
2025-03-12 17:04:18,825 - INFO - Logging do bot iniciado.
2025-03-12 17:04:24,906 - ERROR - No error handlers are registered, logging exception.
Traceback (most recent call last):
  File "c:\Users\rafae\OneDrive\Desktop\dev\amaer\venv\lib\site-packages\telegram\ext\_application.py", line 1343, in process_update
    await coroutine
  File "c:\Users\rafae\OneDrive\Desktop\dev\amaer\venv\lib\site-packages\telegram\ext\_handlers\basehandler.py", line 158, in handle_update
    return await self.callback(update, context)
  File "C:\Users\rafae\OneDrive\Desktop\dev\amaer\bot\handlers.py", line 275, in oficializar
    is_chat_official = current_chat[2]
TypeError: 'NoneType' object is not subscriptable
2025-03-12 17:04:34,060 - ERROR - No error handlers are registered, logging exception.
Traceback (most recent call last):
  File "c:\Users\rafae\OneDrive\Desktop\dev\amaer\venv\lib\site-packages\telegram\ext\_application.py", line 1343, in process_update
    await coroutine
  File "c:\Users\rafae\OneDrive\Desktop\dev\amaer\venv\lib\site-packages\telegram\ext\_handlers\basehandler.py", line 158, in handle_update
    return await self.callback(update, context)
  File "C:\Users\rafae\OneDrive\Desktop\dev\amaer\bot\handlers.py", line 275, in oficializar
    is_chat_official = current_chat[2]
TypeError: 'NoneType' object is not subscriptable
2025-03-12 17:06:42,088 - INFO - Bot removido do chat: testedic1 - -1002249630541
2025-03-12 17:06:42,088 - INFO - Lista de chats do bot atualizada: []
2025-03-12 17:06:48,505 - INFO - Bot adicionado ao chat: testedic1 - -1002249630541
2025-03-12 17:06:48,505 - INFO - Lista de chats do bot atualizada: [('-1002249630541', 'testedic1', 0)]
2025-03-12 17:08:13,222 - INFO - Chat testedic1 : -1002249630541 definido como oficial. > Respons치vel: @torvi_hb
2025-03-12 17:10:13,269 - INFO - Apelido CORE_BOT atribuido ao usu치rio @@coreauxiliar_bot > Respons치vel: @torvi_hb | Chat: testedic1 (-1002249630541)
2025-03-12 17:10:13,628 - INFO - Apelido CORE_BOT atribuido ao usu치rio @coreauxiliar_bot > Respons치vel: @torvi_hb | Chat: testedic1 (-1002249630541)
2025-03-12 17:10:38,496 - INFO - Apelido teste atribuido ao usu치rio @@trmonitoramento_bot > Respons치vel: @torvi_hb | Chat: testedic1 (-1002249630541)
2025-03-12 17:10:38,882 - INFO - Apelido teste atribuido ao usu치rio @trmonitoramento_bot > Respons치vel: @torvi_hb | Chat: testedic1 (-1002249630541)
2025-03-12 17:13:45,836 - INFO - EXCEPTION: Invalid user_id specified
2025-03-12 17:13:45,836 - INFO - @torvi_hb utilizou um nome de cargo inv치lido (auxiliar > auxiliar)| Chat: testedic1 (-1002249630541)
2025-03-12 17:19:50,649 - INFO - Logging do bot iniciado.
2025-03-12 17:20:00,969 - INFO - Cargo auxiliar atribu칤do a @trvcontrol_bot > Respons치vel: @torvi_hb | Chat: testedic1 (-1002249630541)
2025-03-12 17:24:02,527 - INFO - Cargo sublider atribu칤do a @trvcontrol_bot > Respons치vel: @torvi_hb | Chat: testedic1 (-1002249630541)
2025-03-12 17:31:52,419 - INFO - Logging do bot iniciado.
2025-03-12 17:38:14,231 - INFO - Cargo auxiliar atribu칤do a @trmonitoramento_bot > Respons치vel: @torvi_hb | Chat: testedic1 (-1002249630541)
2025-03-12 17:43:49,874 - INFO - Logging do bot iniciado.
2025-03-12 17:44:08,536 - INFO - Cargo sublider atribu칤do a @trmonitoramento_bot > Respons치vel: @torvi_hb | Chat: testedic1 (-1002249630541)
2025-03-12 18:24:28,987 - INFO - Logging do bot iniciado.
2025-03-12 18:24:30,717 - INFO - Bot removido do chat: testedic1 - -1002249630541
2025-03-12 18:24:30,718 - INFO - Lista de chats do bot atualizada: []
2025-03-12 18:24:30,721 - INFO - Bot adicionado ao chat: testedic1 - -1002249630541
2025-03-12 18:24:30,722 - INFO - Lista de chats do bot atualizada: [('-1002249630541', 'testedic1', 0)]
2025-03-12 18:24:31,082 - INFO - Chat testedic1 : -1002249630541 definido como oficial. > Respons치vel: @torvi_hb
2025-03-12 18:25:39,848 - INFO - Apelido Torvi. atribuido ao usu치rio @@torvidic_bot > Respons치vel: @torvi_hb | Chat: testedic1 (-1002249630541)
2025-03-12 18:25:40,195 - INFO - Apelido Torvi. atribuido ao usu치rio @torvidic_bot > Respons치vel: @torvi_hb | Chat: testedic1 (-1002249630541)
2025-03-12 18:26:28,175 - INFO - Apelido Torvi. atribuido ao usu치rio @@coredic_bot > Respons치vel: @torvi_hb | Chat: testedic1 (-1002249630541)
2025-03-12 18:26:28,537 - INFO - Apelido Torvi. atribuido ao usu치rio @coredic_bot > Respons치vel: @torvi_hb | Chat: testedic1 (-1002249630541)
2025-03-12 18:26:45,582 - INFO - EXCEPTION: Not enough rights
2025-03-12 18:26:45,583 - INFO - @torvi_hb utilizou um nome de cargo inv치lido (auxiliar > auxiliar)| Chat: testedic1 (-1002249630541)
2025-03-12 18:27:05,075 - INFO - EXCEPTION: Not enough rights
2025-03-12 18:27:05,075 - INFO - @torvi_hb utilizou um nome de cargo inv치lido (lider > lider)| Chat: testedic1 (-1002249630541)
2025-03-12 18:35:33,261 - INFO - Logging do bot iniciado.
2025-03-12 18:36:12,306 - INFO - EXCEPTION: Not enough rights
2025-03-12 18:36:12,307 - INFO - @torvi_hb utilizou um nome de cargo inv치lido (auxiliar > auxiliar)| Chat: testedic1 (-1002249630541)
2025-03-12 18:36:22,434 - INFO - EXCEPTION: Not enough rights
2025-03-12 18:36:22,434 - INFO - @torvi_hb utilizou um nome de cargo inv치lido (lider > lider)| Chat: testedic1 (-1002249630541)
2025-03-12 18:41:40,763 - INFO - Logging do bot iniciado.
2025-03-12 18:43:52,733 - INFO - Apelido Torvi. atribuido ao usu치rio @coredic_bot > Respons치vel: @torvi_hb | Chat: testedic1 (-1002249630541)
2025-03-12 18:44:07,830 - INFO - EXCEPTION: Not enough rights
2025-03-12 18:44:07,830 - INFO - @torvi_hb utilizou um nome de cargo inv치lido (auxiliar > auxiliar)| Chat: testedic1 (-1002249630541)
2025-03-12 18:46:01,678 - INFO - Logging do bot iniciado.
2025-03-12 18:46:12,497 - INFO - EXCEPTION: Not enough rights
2025-03-12 18:46:12,497 - INFO - @torvi_hb utilizou um nome de cargo inv치lido (auxiliar > auxiliar)| Chat: testedic1 (-1002249630541)
2025-03-12 18:46:19,652 - INFO - EXCEPTION: Not enough rights
2025-03-12 18:46:19,653 - INFO - @torvi_hb utilizou um nome de cargo inv치lido (Auxiliar > auxiliar)| Chat: testedic1 (-1002249630541)
2025-03-12 18:46:39,595 - INFO - Cargo auxiliar atribu칤do a @coredic_bot > Respons치vel: @torvi_hb | Chat: testedic1 (-1002249630541)
2025-03-12 18:47:33,617 - INFO - Logging do bot iniciado.
2025-03-12 18:47:45,338 - INFO - Logging do bot iniciado.
2025-03-12 18:47:50,051 - INFO - Cargo auxiliar atribu칤do a @coredic_bot > Respons치vel: @torvi_hb | Chat: testedic1 (-1002249630541)
2025-03-12 18:47:58,469 - INFO - Cargo lider atribu칤do a @coredic_bot > Respons치vel: @torvi_hb | Chat: testedic1 (-1002249630541)
2025-03-12 18:48:13,450 - INFO - Logging do bot iniciado.
2025-03-12 18:48:19,461 - INFO - Cargo lider atribu칤do a @coredic_bot > Respons치vel: @torvi_hb | Chat: testedic1 (-1002249630541)
2025-03-12 18:56:35,153 - INFO - Logging do bot iniciado.
2025-03-12 18:57:04,335 - INFO - Logging do bot iniciado.
2025-03-12 18:57:26,752 - INFO - Usu치rio torvi_hb utilizou o comando /apelidar sem todos argumentos (/apelidar) | Chat: testedic1 (-1002249630541)
2025-03-12 18:57:40,196 - INFO - Logging do bot iniciado.
2025-03-12 19:00:59,363 - INFO - Logging do bot iniciado.
2025-03-12 19:01:36,093 - INFO - Logging do bot iniciado.
2025-03-12 19:02:13,277 - INFO - Logging do bot iniciado.
2025-03-12 19:12:37,202 - INFO - Logging do bot iniciado.
2025-03-12 19:15:15,137 - INFO - Logging do bot iniciado.
2025-03-12 19:16:30,847 - INFO - Logging do bot iniciado.
